  ManagedDxlGame.cpp
  dxlib_ext_mesh_barrel.cpp
  dxlib_ext_mesh_box.cpp
C:\Users\vantan\Desktop\koukikadai\ManagedDxlGame\program\dxlib_ext\create_mesh\dxlib_ext_mesh_box.cpp(25,15): warning C4018: '>': signed と unsigned の数値を比較しようとしました。
  dxlib_ext_mesh_cone.cpp
  dxlib_ext_mesh_cone_cylinder.cpp
  dxlib_ext_mesh_cube.cpp
  dxlib_ext_mesh_cylinder.cpp
  dxlib_ext_mesh_disk.cpp
  dxlib_ext_mesh_disk_ring.cpp
  dxlib_ext_mesh_dome.cpp
  dxlib_ext_mesh_from_height_map.cpp
  dxlib_ext_mesh_half_barrel.cpp
  dxlib_ext_mesh_hollow_out_disk_plane.cpp
  dxlib_ext_mesh_obj.cpp
  dxlib_ext_mesh_plane.cpp
  dxlib_ext_mesh_sphere.cpp
  dxlib_ext_mesh_torus.cpp
  dxlib_ext_mesh_triangle_equilateral.cpp
  dxlib_ext_mesh_triangle_isosceles.cpp
  dxlib_ext_mesh_triangle_right.cpp
  コードを生成中...
  コンパイル中...
  dxlib_ext.cpp
  dxlib_ext_camera.cpp
  dxlib_ext_data.cpp
  dxlib_ext_gui_menu_selector.cpp
  dxlib_ext_mesh.cpp
  dxlib_ext_mesh_mtrl_gui_controller.cpp
  dxlib_ext_shadow_map.cpp
  dxlib_ext_texture.cpp
  OBJLoader.cpp
  gm_main.cpp
C:\Users\vantan\Desktop\koukikadai\ManagedDxlGame\program\game\gm_main.cpp(13,12): warning C4244: '引数': 'time_t' から 'unsigned int' への変換です。データが失われる可能性があります。
  json11.cpp
  tnl_font_texture.cpp
  tnl_inclution_owner_locked.cpp
  tnl_input.cpp
  tnl_instance.cpp
  tnl_intersect.cpp
  tnl_math.cpp
  tnl_matrix.cpp
  tnl_quaternion.cpp
  tnl_seek_unit.cpp
  コードを生成中...
  コンパイル中...
  tnl_util.cpp
  tnl_vector2i.cpp
  tnl_vector3.cpp
  コードを生成中...
  ManagedDxlGame.vcxproj -> C:\Users\vantan\Desktop\koukikadai\x64\Debug\ManagedDxlGame.exe
